<?xml version="1.0" encoding="UTF-8"?>
<testsuite name="AppTest" tests="1" skipped="0" failures="0" errors="0" timestamp="2018-12-19T03:09:48" hostname="LAPTOP-RU4JAIVL" time="0.182">
  <properties/>
  <testcase name="testAppHasAGreeting" classname="AppTest" time="0.182"/>
  <system-out><![CDATA[21:09:48.915 [Test worker] INFO  App - holooooo
]]></system-out>
  <system-err><![CDATA[]]></system-err>
</testsuite>
